2019-12-05 21:39:51.636  INFO 14940 --- [restartedMain] cn.java68.SpringbootMybatisApplication   : Starting SpringbootMybatisApplication on DESKTOP-2VGD61R with PID 14940 (C:\Users\Administrator\IdeaProjects\springboot-demo\springboot-mybatis\target\classes started by Administrator in C:\Users\Administrator\IdeaProjects\springboot-demo)
2019-12-05 21:39:51.648 DEBUG 14940 --- [restartedMain] cn.java68.SpringbootMybatisApplication   : Running with Spring Boot v2.2.1.RELEASE, Spring v5.2.1.RELEASE
2019-12-05 21:39:51.648  INFO 14940 --- [restartedMain] cn.java68.SpringbootMybatisApplication   : The following profiles are active: dev
2019-12-05 21:39:51.767  INFO 14940 --- [restartedMain] o.s.b.devtools.restart.ChangeableUrls    : The Class-Path manifest attribute in C:\Users\Administrator\.m2\repository\org\glassfish\jaxb\jaxb-runtime\2.3.2\jaxb-runtime-2.3.2.jar referenced one or more files that do not exist: file:/C:/Users/Administrator/.m2/repository/org/glassfish/jaxb/jaxb-runtime/2.3.2/jakarta.xml.bind-api-2.3.2.jar,file:/C:/Users/Administrator/.m2/repository/org/glassfish/jaxb/jaxb-runtime/2.3.2/txw2-2.3.2.jar,file:/C:/Users/Administrator/.m2/repository/org/glassfish/jaxb/jaxb-runtime/2.3.2/istack-commons-runtime-3.0.8.jar,file:/C:/Users/Administrator/.m2/repository/org/glassfish/jaxb/jaxb-runtime/2.3.2/stax-ex-1.8.1.jar,file:/C:/Users/Administrator/.m2/repository/org/glassfish/jaxb/jaxb-runtime/2.3.2/FastInfoset-1.2.16.jar,file:/C:/Users/Administrator/.m2/repository/org/glassfish/jaxb/jaxb-runtime/2.3.2/jakarta.activation-api-1.2.1.jar
2019-12-05 21:39:51.769  INFO 14940 --- [restartedMain] .e.DevToolsPropertyDefaultsPostProcessor : Devtools property defaults active! Set 'spring.devtools.add-properties' to 'false' to disable
2019-12-05 21:39:51.769  INFO 14940 --- [restartedMain] .e.DevToolsPropertyDefaultsPostProcessor : For additional web related logging consider setting the 'logging.level.web' property to 'DEBUG'
2019-12-05 21:39:52.810  INFO 14940 --- [restartedMain] .s.d.r.c.RepositoryConfigurationDelegate : Multiple Spring Data modules found, entering strict repository configuration mode!
2019-12-05 21:39:52.811  INFO 14940 --- [restartedMain] .s.d.r.c.RepositoryConfigurationDelegate : Bootstrapping Spring Data repositories in DEFAULT mode.
2019-12-05 21:39:52.851  INFO 14940 --- [restartedMain] .RepositoryConfigurationExtensionSupport : Spring Data JDBC - Could not safely identify store assignment for repository candidate interface cn.java68.dao.IRoleDao. If you want this repository to be a JDBC repository, consider annotating your entities with one of these annotations: org.springframework.data.relational.core.mapping.Table.
2019-12-05 21:39:52.852  INFO 14940 --- [restartedMain] .s.d.r.c.RepositoryConfigurationDelegate : Finished Spring Data repository scanning in 36ms. Found 0 repository interfaces.
2019-12-05 21:39:52.863  INFO 14940 --- [restartedMain] .s.d.r.c.RepositoryConfigurationDelegate : Multiple Spring Data modules found, entering strict repository configuration mode!
2019-12-05 21:39:52.864  INFO 14940 --- [restartedMain] .s.d.r.c.RepositoryConfigurationDelegate : Bootstrapping Spring Data repositories in DEFAULT mode.
2019-12-05 21:39:52.909  INFO 14940 --- [restartedMain] .s.d.r.c.RepositoryConfigurationDelegate : Finished Spring Data repository scanning in 40ms. Found 1 repository interfaces.
2019-12-05 21:39:53.333  INFO 14940 --- [restartedMain] trationDelegate$BeanPostProcessorChecker : Bean 'org.springframework.transaction.annotation.ProxyTransactionManagementConfiguration' of type [org.springframework.transaction.annotation.ProxyTransactionManagementConfiguration] is not eligible for getting processed by all BeanPostProcessors (for example: not eligible for auto-proxying)
2019-12-05 21:39:53.938  INFO 14940 --- [restartedMain] o.s.b.w.embedded.tomcat.TomcatWebServer  : Tomcat initialized with port(s): 8005 (http)
2019-12-05 21:39:53.948  INFO 14940 --- [restartedMain] o.apache.catalina.core.StandardService   : Starting service [Tomcat]
2019-12-05 21:39:53.949  INFO 14940 --- [restartedMain] org.apache.catalina.core.StandardEngine  : Starting Servlet engine: [Apache Tomcat/9.0.27]
2019-12-05 21:39:54.058  INFO 14940 --- [restartedMain] o.a.c.c.C.[.[localhost].[/mybatis]       : Initializing Spring embedded WebApplicationContext
2019-12-05 21:39:54.058  INFO 14940 --- [restartedMain] o.s.web.context.ContextLoader            : Root WebApplicationContext: initialization completed in 2289 ms
2019-12-05 21:39:54.370  INFO 14940 --- [restartedMain] o.hibernate.jpa.internal.util.LogHelper  : HHH000204: Processing PersistenceUnitInfo [name: default]
2019-12-05 21:39:54.451  INFO 14940 --- [restartedMain] org.hibernate.Version                    : HHH000412: Hibernate Core {5.4.8.Final}
2019-12-05 21:39:54.607  INFO 14940 --- [restartedMain] o.hibernate.annotations.common.Version   : HCANN000001: Hibernate Commons Annotations {5.1.0.Final}
2019-12-05 21:39:54.999  INFO 14940 --- [restartedMain] com.alibaba.druid.pool.DruidDataSource   : {dataSource-1} inited
2019-12-05 21:39:55.147  INFO 14940 --- [restartedMain] org.hibernate.dialect.Dialect            : HHH000400: Using dialect: org.hibernate.dialect.MySQL57Dialect
2019-12-05 21:39:55.779  INFO 14940 --- [restartedMain] o.h.e.t.j.p.i.JtaPlatformInitiator       : HHH000490: Using JtaPlatform implementation: [org.hibernate.engine.transaction.jta.platform.internal.NoJtaPlatform]
2019-12-05 21:39:55.787  INFO 14940 --- [restartedMain] j.LocalContainerEntityManagerFactoryBean : Initialized JPA EntityManagerFactory for persistence unit 'default'
2019-12-05 21:39:55.831  INFO 14940 --- [restartedMain] o.s.b.d.a.OptionalLiveReloadServer       : LiveReload server is running on port 35729
2019-12-05 21:39:56.828  WARN 14940 --- [restartedMain] JpaBaseConfiguration$JpaWebConfiguration : spring.jpa.open-in-view is enabled by default. Therefore, database queries may be performed during view rendering. Explicitly configure spring.jpa.open-in-view to disable this warning
2019-12-05 21:39:57.076  INFO 14940 --- [restartedMain] o.s.s.concurrent.ThreadPoolTaskExecutor  : Initializing ExecutorService 'applicationTaskExecutor'
2019-12-05 21:39:57.272  INFO 14940 --- [restartedMain] d.s.w.p.DocumentationPluginsBootstrapper : Context refreshed
2019-12-05 21:39:57.289  INFO 14940 --- [restartedMain] d.s.w.p.DocumentationPluginsBootstrapper : Found 1 custom documentation plugin(s)
2019-12-05 21:39:57.298  INFO 14940 --- [restartedMain] s.d.s.w.s.ApiListingReferenceScanner     : Scanning for api listing references
2019-12-05 21:39:57.701  INFO 14940 --- [restartedMain] o.s.b.w.embedded.tomcat.TomcatWebServer  : Tomcat started on port(s): 8005 (http) with context path '/mybatis'
2019-12-05 21:39:57.704  INFO 14940 --- [restartedMain] cn.java68.SpringbootMybatisApplication   : Started SpringbootMybatisApplication in 6.761 seconds (JVM running for 7.969)
